<?xml version="1.0" encoding="UTF-8"?>
<coverage generated="1701971464959" clover="3.2.0">
  <project timestamp="1701971464959" name="All files">
    <metrics statements="35" coveredstatements="34" conditionals="25" coveredconditionals="24" methods="10" coveredmethods="10" elements="70" coveredelements="68" complexity="0" loc="35" ncloc="35" packages="1" files="1" classes="1"/>
    <file name="greet.js" path="C:\Users\kofog\Documents\Davinci_Bac2_Kusay\BINV2191-1 - DevOps\devops-mini-proj-tdd-greetings\greet.js">
      <metrics statements="35" coveredstatements="34" conditionals="25" coveredconditionals="24" methods="10" coveredmethods="10"/>
      <line num="1" count="1" type="stmt"/>
      <line num="26" count="21" type="cond" truecount="2" falsecount="0"/>
      <line num="27" count="1" type="stmt"/>
      <line num="30" count="20" type="stmt"/>
      <line num="32" count="20" type="cond" truecount="4" falsecount="0"/>
      <line num="33" count="5" type="stmt"/>
      <line num="35" count="15" type="cond" truecount="2" falsecount="0"/>
      <line num="36" count="28" type="stmt"/>
      <line num="37" count="11" type="cond" truecount="1" falsecount="1"/>
      <line num="38" count="0" type="stmt"/>
      <line num="40" count="11" type="cond" truecount="2" falsecount="0"/>
      <line num="41" count="2" type="stmt"/>
      <line num="43" count="9" type="stmt"/>
      <line num="46" count="4" type="stmt"/>
      <line num="50" count="21" type="stmt"/>
      <line num="54" count="7" type="cond" truecount="2" falsecount="0"/>
      <line num="58" count="7" type="cond" truecount="2" falsecount="0"/>
      <line num="59" count="2" type="stmt"/>
      <line num="61" count="5" type="stmt"/>
      <line num="66" count="9" type="stmt"/>
      <line num="67" count="9" type="stmt"/>
      <line num="68" count="9" type="stmt"/>
      <line num="70" count="9" type="stmt"/>
      <line num="71" count="22" type="cond" truecount="2" falsecount="0"/>
      <line num="72" count="7" type="stmt"/>
      <line num="74" count="15" type="stmt"/>
      <line num="78" count="9" type="cond" truecount="4" falsecount="0"/>
      <line num="79" count="3" type="stmt"/>
      <line num="86" count="6" type="cond" truecount="2" falsecount="0"/>
      <line num="87" count="4" type="stmt"/>
      <line num="90" count="2" type="stmt"/>
      <line num="94" count="9" type="stmt"/>
      <line num="100" count="3" type="stmt"/>
      <line num="104" count="29" type="stmt"/>
      <line num="107" count="1" type="stmt"/>
    </file>
  </project>
</coverage>
