TN:
SF:greet.js
FN:25,greet
FN:36,(anonymous_1)
FN:49,isLanguageSupported
FN:53,isNameIncorrect
FN:57,formatSingleNameGreeting
FN:65,formatMultipleNamesGreeting
FN:70,(anonymous_6)
FN:93,joinNames
FN:99,joinUppercaseNames
FN:103,isNameUppercase
FNF:10
FNH:10
FNDA:21,greet
FNDA:28,(anonymous_1)
FNDA:21,isLanguageSupported
FNDA:7,isNameIncorrect
FNDA:7,formatSingleNameGreeting
FNDA:9,formatMultipleNamesGreeting
FNDA:22,(anonymous_6)
FNDA:9,joinNames
FNDA:3,joinUppercaseNames
FNDA:29,isNameUppercase
DA:1,1
DA:26,21
DA:27,1
DA:30,20
DA:32,20
DA:33,5
DA:35,15
DA:36,28
DA:37,11
DA:38,0
DA:40,11
DA:41,2
DA:43,9
DA:46,4
DA:50,21
DA:54,7
DA:58,7
DA:59,2
DA:61,5
DA:66,9
DA:67,9
DA:68,9
DA:70,9
DA:71,22
DA:72,7
DA:74,15
DA:78,9
DA:79,3
DA:86,6
DA:87,4
DA:90,2
DA:94,9
DA:100,3
DA:104,29
DA:107,1
LF:35
LH:34
BRDA:25,0,0,14
BRDA:26,1,0,1
BRDA:26,1,1,20
BRDA:32,2,0,5
BRDA:32,2,1,15
BRDA:32,3,0,20
BRDA:32,3,1,7
BRDA:35,4,0,11
BRDA:35,4,1,4
BRDA:37,5,0,0
BRDA:37,5,1,11
BRDA:40,6,0,2
BRDA:40,6,1,9
BRDA:54,7,0,7
BRDA:54,7,1,6
BRDA:58,8,0,2
BRDA:58,8,1,5
BRDA:71,9,0,7
BRDA:71,9,1,15
BRDA:78,10,0,3
BRDA:78,10,1,6
BRDA:78,11,0,9
BRDA:78,11,1,7
BRDA:86,12,0,4
BRDA:86,12,1,2
BRF:25
BRH:24
end_of_record
